# JRE version: Java(TM) SE Runtime Environment (8.0_291-b10) (build 1.8.0_291-b10)
# Java VM: Java HotSpot(TM) 64-Bit Server VM (25.291-b10 mixed mode windows-amd64 compressed oops)
Heap:
 PSYoungGen      total 37888K, used 5153K [0x00000000d6000000, 0x00000000d8a00000, 0x0000000100000000)
  eden space 32768K, 5% used [0x00000000d6000000,0x00000000d61b4940,0x00000000d8000000)
  from space 5120K, 66% used [0x00000000d8500000,0x00000000d8853d28,0x00000000d8a00000)
  to   space 5120K, 0% used [0x00000000d8000000,0x00000000d8000000,0x00000000d8500000)
 ParOldGen       total 61440K, used 7146K [0x0000000082000000, 0x0000000085c00000, 0x00000000d6000000)
  object space 61440K, 11% used [0x0000000082000000,0x00000000826fab10,0x0000000085c00000)
 Metaspace       used 22580K, capacity 24130K, committed 24496K, reserved 1071104K
  class space    used 2891K, capacity 3185K, committed 3248K, reserved 1048576K
GC Heap History (10 events):
Event: 4.607 GC heap before
{Heap before GC invocations=3 (full 0):
 PSYoungGen      total 37888K, used 37689K [0x00000000d6000000, 0x00000000d8a00000, 0x0000000100000000)
  eden space 32768K, 100% used [0x00000000d6000000,0x00000000d8000000,0x00000000d8000000)
  from space 5120K, 96% used [0x00000000d8500000,0x00000000d89ce530,0x00000000d8a00000)
  to   space 5120K, 0% used [0x00000000d8000000,0x00000000d8000000,0x00000000d8500000)
 ParOldGen       total 86016K, used 24K [0x0000000082000000, 0x0000000087400000, 0x00000000d6000000)
  object space 86016K, 0% used [0x0000000082000000,0x0000000082006000,0x0000000087400000)
 Metaspace       used 14240K, capacity 15344K, committed 15616K, reserved 1062912K
  class space    used 1808K, capacity 2018K, committed 2048K, reserved 1048576K
Event: 4.619 GC heap after
Heap after GC invocations=3 (full 0):
 PSYoungGen      total 37888K, used 5115K [0x00000000d6000000, 0x00000000d8a00000, 0x0000000100000000)
  eden space 32768K, 0% used [0x00000000d6000000,0x00000000d6000000,0x00000000d8000000)
  from space 5120K, 99% used [0x00000000d8000000,0x00000000d84fecd0,0x00000000d8500000)
  to   space 5120K, 0% used [0x00000000d8500000,0x00000000d8500000,0x00000000d8a00000)
 ParOldGen       total 86016K, used 436K [0x0000000082000000, 0x0000000087400000, 0x00000000d6000000)
  object space 86016K, 0% used [0x0000000082000000,0x000000008206d3c0,0x0000000087400000)
 Metaspace       used 14240K, capacity 15344K, committed 15616K, reserved 1062912K
  class space    used 1808K, capacity 2018K, committed 2048K, reserved 1048576K
}
Event: 5.672 GC heap before
{Heap before GC invocations=4 (full 0):
 PSYoungGen      total 37888K, used 37883K [0x00000000d6000000, 0x00000000d8a00000, 0x0000000100000000)
  eden space 32768K, 100% used [0x00000000d6000000,0x00000000d8000000,0x00000000d8000000)
  from space 5120K, 99% used [0x00000000d8000000,0x00000000d84fecd0,0x00000000d8500000)
  to   space 5120K, 0% used [0x00000000d8500000,0x00000000d8500000,0x00000000d8a00000)
 ParOldGen       total 86016K, used 436K [0x0000000082000000, 0x0000000087400000, 0x00000000d6000000)
  object space 86016K, 0% used [0x0000000082000000,0x000000008206d3c0,0x0000000087400000)
 Metaspace       used 17449K, capacity 18950K, committed 19072K, reserved 1064960K
  class space    used 2300K, capacity 2605K, committed 2688K, reserved 1048576K
Event: 5.682 GC heap after
Heap after GC invocations=4 (full 0):
 PSYoungGen      total 37888K, used 5109K [0x00000000d6000000, 0x00000000d8a00000, 0x0000000100000000)
  eden space 32768K, 0% used [0x00000000d6000000,0x00000000d6000000,0x00000000d8000000)
  from space 5120K, 99% used [0x00000000d8500000,0x00000000d89fd7f0,0x00000000d8a00000)
  to   space 5120K, 0% used [0x00000000d8000000,0x00000000d8000000,0x00000000d8500000)
 ParOldGen       total 86016K, used 2379K [0x0000000082000000, 0x0000000087400000, 0x00000000d6000000)
  object space 86016K, 2% used [0x0000000082000000,0x0000000082252f48,0x0000000087400000)
 Metaspace       used 17449K, capacity 18950K, committed 19072K, reserved 1064960K
  class space    used 2300K, capacity 2605K, committed 2688K, reserved 1048576K
}
Event: 5.915 GC heap before
{Heap before GC invocations=5 (full 0):
 PSYoungGen      total 37888K, used 27656K [0x00000000d6000000, 0x00000000d8a00000, 0x0000000100000000)
  eden space 32768K, 68% used [0x00000000d6000000,0x00000000d7604b90,0x00000000d8000000)
  from space 5120K, 99% used [0x00000000d8500000,0x00000000d89fd7f0,0x00000000d8a00000)
  to   space 5120K, 0% used [0x00000000d8000000,0x00000000d8000000,0x00000000d8500000)
 ParOldGen       total 86016K, used 2379K [0x0000000082000000, 0x0000000087400000, 0x00000000d6000000)
  object space 86016K, 2% used [0x0000000082000000,0x0000000082252f48,0x0000000087400000)
 Metaspace       used 19699K, capacity 21202K, committed 21296K, reserved 1067008K
  class space    used 2540K, capacity 2841K, committed 2864K, reserved 1048576K
Event: 5.926 GC heap after
Heap after GC invocations=5 (full 0):
 PSYoungGen      total 37888K, used 5117K [0x00000000d6000000, 0x00000000d8a00000, 0x0000000100000000)
  eden space 32768K, 0% used [0x00000000d6000000,0x00000000d6000000,0x00000000d8000000)
  from space 5120K, 99% used [0x00000000d8000000,0x00000000d84ff4a8,0x00000000d8500000)
  to   space 5120K, 0% used [0x00000000d8500000,0x00000000d8500000,0x00000000d8a00000)
 ParOldGen       total 86016K, used 4466K [0x0000000082000000, 0x0000000087400000, 0x00000000d6000000)
  object space 86016K, 5% used [0x0000000082000000,0x000000008245c9e0,0x0000000087400000)
 Metaspace       used 19699K, capacity 21202K, committed 21296K, reserved 1067008K
  class space    used 2540K, capacity 2841K, committed 2864K, reserved 1048576K
}
Event: 5.926 GC heap before
{Heap before GC invocations=6 (full 1):
 PSYoungGen      total 37888K, used 5117K [0x00000000d6000000, 0x00000000d8a00000, 0x0000000100000000)
  eden space 32768K, 0% used [0x00000000d6000000,0x00000000d6000000,0x00000000d8000000)
  from space 5120K, 99% used [0x00000000d8000000,0x00000000d84ff4a8,0x00000000d8500000)
  to   space 5120K, 0% used [0x00000000d8500000,0x00000000d8500000,0x00000000d8a00000)
 ParOldGen       total 86016K, used 4466K [0x0000000082000000, 0x0000000087400000, 0x00000000d6000000)
  object space 86016K, 5% used [0x0000000082000000,0x000000008245c9e0,0x0000000087400000)
 Metaspace       used 19699K, capacity 21202K, committed 21296K, reserved 1067008K
  class space    used 2540K, capacity 2841K, committed 2864K, reserved 1048576K
Event: 6.066 GC heap after
Heap after GC invocations=6 (full 1):
 PSYoungGen      total 37888K, used 0K [0x00000000d6000000, 0x00000000d8a00000, 0x0000000100000000)
  eden space 32768K, 0% used [0x00000000d6000000,0x00000000d6000000,0x00000000d8000000)
  from space 5120K, 0% used [0x00000000d8000000,0x00000000d8000000,0x00000000d8500000)
  to   space 5120K, 0% used [0x00000000d8500000,0x00000000d8500000,0x00000000d8a00000)
 ParOldGen       total 61440K, used 7138K [0x0000000082000000, 0x0000000085c00000, 0x00000000d6000000)
  object space 61440K, 11% used [0x0000000082000000,0x00000000826f8b10,0x0000000085c00000)
 Metaspace       used 19699K, capacity 21202K, committed 21296K, reserved 1067008K
  class space    used 2540K, capacity 2841K, committed 2864K, reserved 1048576K
}
Event: 6.601 GC heap before
{Heap before GC invocations=7 (full 1):
 PSYoungGen      total 37888K, used 32765K [0x00000000d6000000, 0x00000000d8a00000, 0x0000000100000000)
  eden space 32768K, 99% used [0x00000000d6000000,0x00000000d7fff5d0,0x00000000d8000000)
  from space 5120K, 0% used [0x00000000d8000000,0x00000000d8000000,0x00000000d8500000)
  to   space 5120K, 0% used [0x00000000d8500000,0x00000000d8500000,0x00000000d8a00000)
 ParOldGen       total 61440K, used 7138K [0x0000000082000000, 0x0000000085c00000, 0x00000000d6000000)
  object space 61440K, 11% used [0x0000000082000000,0x00000000826f8b10,0x0000000085c00000)
 Metaspace       used 22463K, capacity 23978K, committed 24240K, reserved 1071104K
  class space    used 2876K, capacity 3173K, committed 3248K, reserved 1048576K
Event: 6.605 GC heap after
Heap after GC invocations=7 (full 1):
 PSYoungGen      total 37888K, used 3407K [0x00000000d6000000, 0x00000000d8a00000, 0x0000000100000000)
  eden space 32768K, 0% used [0x00000000d6000000,0x00000000d6000000,0x00000000d8000000)
  from space 5120K, 66% used [0x00000000d8500000,0x00000000d8853d28,0x00000000d8a00000)
  to   space 5120K, 0% used [0x00000000d8000000,0x00000000d8000000,0x00000000d8500000)
 ParOldGen       total 61440K, used 7146K [0x0000000082000000, 0x0000000085c00000, 0x00000000d6000000)
  object space 61440K, 11% used [0x0000000082000000,0x00000000826fab10,0x0000000085c00000)
 Metaspace       used 22463K, capacity 23978K, committed 24240K, reserved 1071104K
  class space    used 2876K, capacity 3173K, committed 3248K, reserved 1048576K
}

