# JRE version: Java(TM) SE Runtime Environment (8.0_291-b10) (build 1.8.0_291-b10)
# Java VM: Java HotSpot(TM) 64-Bit Server VM (25.291-b10 mixed mode windows-amd64 compressed oops)
Heap:
 PSYoungGen      total 72704K, used 27087K [0x00000000d6000000, 0x00000000db400000, 0x0000000100000000)
  eden space 61440K, 31% used [0x00000000d6000000,0x00000000d730dfd0,0x00000000d9c00000)
  from space 11264K, 67% used [0x00000000d9c00000,0x00000000da365c38,0x00000000da700000)
  to   space 11264K, 0% used [0x00000000da900000,0x00000000da900000,0x00000000db400000)
 ParOldGen       total 206848K, used 17595K [0x0000000082000000, 0x000000008ea00000, 0x00000000d6000000)
  object space 206848K, 8% used [0x0000000082000000,0x000000008312ec48,0x000000008ea00000)
 Metaspace       used 50302K, capacity 53066K, committed 53248K, reserved 1097728K
  class space    used 6637K, capacity 7125K, committed 7168K, reserved 1048576K
GC Heap History (10 events):
Event: 25.391 GC heap before
{Heap before GC invocations=21 (full 4):
 PSYoungGen      total 71168K, used 65916K [0x00000000d6000000, 0x00000000db300000, 0x0000000100000000)
  eden space 59392K, 100% used [0x00000000d6000000,0x00000000d9a00000,0x00000000d9a00000)
  from space 11776K, 55% used [0x00000000da780000,0x00000000daddf0b8,0x00000000db300000)
  to   space 12800K, 0% used [0x00000000d9a00000,0x00000000d9a00000,0x00000000da680000)
 ParOldGen       total 206848K, used 17555K [0x0000000082000000, 0x000000008ea00000, 0x00000000d6000000)
  object space 206848K, 8% used [0x0000000082000000,0x0000000083124c48,0x000000008ea00000)
 Metaspace       used 49855K, capacity 52522K, committed 52736K, reserved 1095680K
  class space    used 6623K, capacity 7101K, committed 7168K, reserved 1048576K
Event: 25.400 GC heap after
Heap after GC invocations=21 (full 4):
 PSYoungGen      total 72192K, used 6336K [0x00000000d6000000, 0x00000000db300000, 0x0000000100000000)
  eden space 59392K, 0% used [0x00000000d6000000,0x00000000d6000000,0x00000000d9a00000)
  from space 12800K, 49% used [0x00000000d9a00000,0x00000000da030020,0x00000000da680000)
  to   space 12288K, 0% used [0x00000000da700000,0x00000000da700000,0x00000000db300000)
 ParOldGen       total 206848K, used 17563K [0x0000000082000000, 0x000000008ea00000, 0x00000000d6000000)
  object space 206848K, 8% used [0x0000000082000000,0x0000000083126c48,0x000000008ea00000)
 Metaspace       used 49855K, capacity 52522K, committed 52736K, reserved 1095680K
  class space    used 6623K, capacity 7101K, committed 7168K, reserved 1048576K
}
Event: 26.236 GC heap before
{Heap before GC invocations=22 (full 4):
 PSYoungGen      total 72192K, used 65728K [0x00000000d6000000, 0x00000000db300000, 0x0000000100000000)
  eden space 59392K, 100% used [0x00000000d6000000,0x00000000d9a00000,0x00000000d9a00000)
  from space 12800K, 49% used [0x00000000d9a00000,0x00000000da030020,0x00000000da680000)
  to   space 12288K, 0% used [0x00000000da700000,0x00000000da700000,0x00000000db300000)
 ParOldGen       total 206848K, used 17563K [0x0000000082000000, 0x000000008ea00000, 0x00000000d6000000)
  object space 206848K, 8% used [0x0000000082000000,0x0000000083126c48,0x000000008ea00000)
 Metaspace       used 49987K, capacity 52610K, committed 52736K, reserved 1095680K
  class space    used 6626K, capacity 7105K, committed 7168K, reserved 1048576K
Event: 26.244 GC heap after
Heap after GC invocations=22 (full 4):
 PSYoungGen      total 71680K, used 5638K [0x00000000d6000000, 0x00000000db200000, 0x0000000100000000)
  eden space 60416K, 0% used [0x00000000d6000000,0x00000000d6000000,0x00000000d9b00000)
  from space 11264K, 50% used [0x00000000da700000,0x00000000dac81bd0,0x00000000db200000)
  to   space 11776K, 0% used [0x00000000d9b00000,0x00000000d9b00000,0x00000000da680000)
 ParOldGen       total 206848K, used 17571K [0x0000000082000000, 0x000000008ea00000, 0x00000000d6000000)
  object space 206848K, 8% used [0x0000000082000000,0x0000000083128c48,0x000000008ea00000)
 Metaspace       used 49987K, capacity 52610K, committed 52736K, reserved 1095680K
  class space    used 6626K, capacity 7105K, committed 7168K, reserved 1048576K
}
Event: 26.992 GC heap before
{Heap before GC invocations=23 (full 4):
 PSYoungGen      total 71680K, used 66054K [0x00000000d6000000, 0x00000000db200000, 0x0000000100000000)
  eden space 60416K, 100% used [0x00000000d6000000,0x00000000d9b00000,0x00000000d9b00000)
  from space 11264K, 50% used [0x00000000da700000,0x00000000dac81bd0,0x00000000db200000)
  to   space 11776K, 0% used [0x00000000d9b00000,0x00000000d9b00000,0x00000000da680000)
 ParOldGen       total 206848K, used 17571K [0x0000000082000000, 0x000000008ea00000, 0x00000000d6000000)
  object space 206848K, 8% used [0x0000000082000000,0x0000000083128c48,0x000000008ea00000)
 Metaspace       used 50149K, capacity 52858K, committed 52992K, reserved 1097728K
  class space    used 6630K, capacity 7113K, committed 7168K, reserved 1048576K
Event: 26.998 GC heap after
Heap after GC invocations=23 (full 4):
 PSYoungGen      total 72192K, used 4992K [0x00000000d6000000, 0x00000000db200000, 0x0000000100000000)
  eden space 60416K, 0% used [0x00000000d6000000,0x00000000d6000000,0x00000000d9b00000)
  from space 11776K, 42% used [0x00000000d9b00000,0x00000000d9fe0040,0x00000000da680000)
  to   space 11264K, 0% used [0x00000000da700000,0x00000000da700000,0x00000000db200000)
 ParOldGen       total 206848K, used 17579K [0x0000000082000000, 0x000000008ea00000, 0x00000000d6000000)
  object space 206848K, 8% used [0x0000000082000000,0x000000008312ac48,0x000000008ea00000)
 Metaspace       used 50149K, capacity 52858K, committed 52992K, reserved 1097728K
  class space    used 6630K, capacity 7113K, committed 7168K, reserved 1048576K
}
Event: 27.687 GC heap before
{Heap before GC invocations=24 (full 4):
 PSYoungGen      total 72192K, used 65408K [0x00000000d6000000, 0x00000000db200000, 0x0000000100000000)
  eden space 60416K, 100% used [0x00000000d6000000,0x00000000d9b00000,0x00000000d9b00000)
  from space 11776K, 42% used [0x00000000d9b00000,0x00000000d9fe0040,0x00000000da680000)
  to   space 11264K, 0% used [0x00000000da700000,0x00000000da700000,0x00000000db200000)
 ParOldGen       total 206848K, used 17579K [0x0000000082000000, 0x000000008ea00000, 0x00000000d6000000)
  object space 206848K, 8% used [0x0000000082000000,0x000000008312ac48,0x000000008ea00000)
 Metaspace       used 50200K, capacity 52906K, committed 52992K, reserved 1097728K
  class space    used 6635K, capacity 7121K, committed 7168K, reserved 1048576K
Event: 27.697 GC heap after
Heap after GC invocations=24 (full 4):
 PSYoungGen      total 72704K, used 7158K [0x00000000d6000000, 0x00000000db200000, 0x0000000100000000)
  eden space 61440K, 0% used [0x00000000d6000000,0x00000000d6000000,0x00000000d9c00000)
  from space 11264K, 63% used [0x00000000da700000,0x00000000dadfda20,0x00000000db200000)
  to   space 11264K, 0% used [0x00000000d9c00000,0x00000000d9c00000,0x00000000da700000)
 ParOldGen       total 206848K, used 17587K [0x0000000082000000, 0x000000008ea00000, 0x00000000d6000000)
  object space 206848K, 8% used [0x0000000082000000,0x000000008312cc48,0x000000008ea00000)
 Metaspace       used 50200K, capacity 52906K, committed 52992K, reserved 1097728K
  class space    used 6635K, capacity 7121K, committed 7168K, reserved 1048576K
}
Event: 28.427 GC heap before
{Heap before GC invocations=25 (full 4):
 PSYoungGen      total 72704K, used 68598K [0x00000000d6000000, 0x00000000db200000, 0x0000000100000000)
  eden space 61440K, 100% used [0x00000000d6000000,0x00000000d9c00000,0x00000000d9c00000)
  from space 11264K, 63% used [0x00000000da700000,0x00000000dadfda20,0x00000000db200000)
  to   space 11264K, 0% used [0x00000000d9c00000,0x00000000d9c00000,0x00000000da700000)
 ParOldGen       total 206848K, used 17587K [0x0000000082000000, 0x000000008ea00000, 0x00000000d6000000)
  object space 206848K, 8% used [0x0000000082000000,0x000000008312cc48,0x000000008ea00000)
 Metaspace       used 50298K, capacity 53066K, committed 53248K, reserved 1097728K
  class space    used 6637K, capacity 7125K, committed 7168K, reserved 1048576K
Event: 28.460 GC heap after
Heap after GC invocations=25 (full 4):
 PSYoungGen      total 72704K, used 7575K [0x00000000d6000000, 0x00000000db400000, 0x0000000100000000)
  eden space 61440K, 0% used [0x00000000d6000000,0x00000000d6000000,0x00000000d9c00000)
  from space 11264K, 67% used [0x00000000d9c00000,0x00000000da365c38,0x00000000da700000)
  to   space 11264K, 0% used [0x00000000da900000,0x00000000da900000,0x00000000db400000)
 ParOldGen       total 206848K, used 17595K [0x0000000082000000, 0x000000008ea00000, 0x00000000d6000000)
  object space 206848K, 8% used [0x0000000082000000,0x000000008312ec48,0x000000008ea00000)
 Metaspace       used 50298K, capacity 53066K, committed 53248K, reserved 1097728K
  class space    used 6637K, capacity 7125K, committed 7168K, reserved 1048576K
}

