# JRE version: Java(TM) SE Runtime Environment (8.0_291-b10) (build 1.8.0_291-b10)
# Java VM: Java HotSpot(TM) 64-Bit Server VM (25.291-b10 mixed mode windows-amd64 compressed oops)
Heap:
 PSYoungGen      total 140288K, used 3748K [0x00000000d6000000, 0x00000000e0980000, 0x0000000100000000)
  eden space 129536K, 0% used [0x00000000d6000000,0x00000000d6000000,0x00000000dde80000)
  from space 10752K, 34% used [0x00000000dff00000,0x00000000e02a92e8,0x00000000e0980000)
  to   space 8704K, 0% used [0x00000000dde80000,0x00000000dde80000,0x00000000de700000)
 ParOldGen       total 82432K, used 11678K [0x0000000082000000, 0x0000000087080000, 0x00000000d6000000)
  object space 82432K, 14% used [0x0000000082000000,0x0000000082b67bf8,0x0000000087080000)
 Metaspace       used 35690K, capacity 37960K, committed 38016K, reserved 1083392K
  class space    used 4584K, capacity 4992K, committed 4992K, reserved 1048576K
GC Heap History (10 events):
Event: 14.063 GC heap before
{Heap before GC invocations=7 (full 1):
 PSYoungGen      total 70656K, used 65536K [0x00000000d6000000, 0x00000000df200000, 0x0000000100000000)
  eden space 65536K, 100% used [0x00000000d6000000,0x00000000da000000,0x00000000da000000)
  from space 5120K, 0% used [0x00000000da000000,0x00000000da000000,0x00000000da500000)
  to   space 9216K, 0% used [0x00000000de900000,0x00000000de900000,0x00000000df200000)
 ParOldGen       total 54272K, used 7175K [0x0000000082000000, 0x0000000085500000, 0x00000000d6000000)
  object space 54272K, 13% used [0x0000000082000000,0x0000000082701c78,0x0000000085500000)
 Metaspace       used 25509K, capacity 27058K, committed 27392K, reserved 1073152K
  class space    used 3178K, capacity 3491K, committed 3584K, reserved 1048576K
Event: 14.090 GC heap after
Heap after GC invocations=7 (full 1):
 PSYoungGen      total 114688K, used 6406K [0x00000000d6000000, 0x00000000def80000, 0x0000000100000000)
  eden space 108032K, 0% used [0x00000000d6000000,0x00000000d6000000,0x00000000dc980000)
  from space 6656K, 96% used [0x00000000de900000,0x00000000def41bd8,0x00000000def80000)
  to   space 8704K, 0% used [0x00000000dde80000,0x00000000dde80000,0x00000000de700000)
 ParOldGen       total 54272K, used 7183K [0x0000000082000000, 0x0000000085500000, 0x00000000d6000000)
  object space 54272K, 13% used [0x0000000082000000,0x0000000082703c78,0x0000000085500000)
 Metaspace       used 25509K, capacity 27058K, committed 27392K, reserved 1073152K
  class space    used 3178K, capacity 3491K, committed 3584K, reserved 1048576K
}
Event: 15.925 GC heap before
{Heap before GC invocations=8 (full 1):
 PSYoungGen      total 114688K, used 114424K [0x00000000d6000000, 0x00000000def80000, 0x0000000100000000)
  eden space 108032K, 99% used [0x00000000d6000000,0x00000000dc97c4c8,0x00000000dc980000)
  from space 6656K, 96% used [0x00000000de900000,0x00000000def41bd8,0x00000000def80000)
  to   space 8704K, 0% used [0x00000000dde80000,0x00000000dde80000,0x00000000de700000)
 ParOldGen       total 54272K, used 7183K [0x0000000082000000, 0x0000000085500000, 0x00000000d6000000)
  object space 54272K, 13% used [0x0000000082000000,0x0000000082703c78,0x0000000085500000)
 Metaspace       used 27748K, capacity 29412K, committed 29696K, reserved 1075200K
  class space    used 3458K, capacity 3798K, committed 3840K, reserved 1048576K
Event: 15.955 GC heap after
Heap after GC invocations=8 (full 1):
 PSYoungGen      total 116736K, used 6575K [0x00000000d6000000, 0x00000000def80000, 0x0000000100000000)
  eden space 108032K, 0% used [0x00000000d6000000,0x00000000d6000000,0x00000000dc980000)
  from space 8704K, 75% used [0x00000000dde80000,0x00000000de4ebd68,0x00000000de700000)
  to   space 6656K, 0% used [0x00000000de900000,0x00000000de900000,0x00000000def80000)
 ParOldGen       total 54272K, used 7183K [0x0000000082000000, 0x0000000085500000, 0x00000000d6000000)
  object space 54272K, 13% used [0x0000000082000000,0x0000000082703c78,0x0000000085500000)
 Metaspace       used 27748K, capacity 29412K, committed 29696K, reserved 1075200K
  class space    used 3458K, capacity 3798K, committed 3840K, reserved 1048576K
}
Event: 20.542 GC heap before
{Heap before GC invocations=9 (full 1):
 PSYoungGen      total 116736K, used 114607K [0x00000000d6000000, 0x00000000def80000, 0x0000000100000000)
  eden space 108032K, 100% used [0x00000000d6000000,0x00000000dc980000,0x00000000dc980000)
  from space 8704K, 75% used [0x00000000dde80000,0x00000000de4ebd68,0x00000000de700000)
  to   space 6656K, 0% used [0x00000000de900000,0x00000000de900000,0x00000000def80000)
 ParOldGen       total 54272K, used 7183K [0x0000000082000000, 0x0000000085500000, 0x00000000d6000000)
  object space 54272K, 13% used [0x0000000082000000,0x0000000082703c78,0x0000000085500000)
 Metaspace       used 32568K, capacity 34488K, committed 34688K, reserved 1079296K
  class space    used 4100K, capacity 4470K, committed 4480K, reserved 1048576K
Event: 20.574 GC heap after
Heap after GC invocations=9 (full 1):
 PSYoungGen      total 114688K, used 6635K [0x00000000d6000000, 0x00000000def80000, 0x0000000100000000)
  eden space 108032K, 0% used [0x00000000d6000000,0x00000000d6000000,0x00000000dc980000)
  from space 6656K, 99% used [0x00000000de900000,0x00000000def7afe8,0x00000000def80000)
  to   space 8704K, 0% used [0x00000000dde80000,0x00000000dde80000,0x00000000de700000)
 ParOldGen       total 54272K, used 11673K [0x0000000082000000, 0x0000000085500000, 0x00000000d6000000)
  object space 54272K, 21% used [0x0000000082000000,0x0000000082b66788,0x0000000085500000)
 Metaspace       used 32568K, capacity 34488K, committed 34688K, reserved 1079296K
  class space    used 4100K, capacity 4470K, committed 4480K, reserved 1048576K
}
Event: 21.529 GC heap before
{Heap before GC invocations=10 (full 1):
 PSYoungGen      total 114688K, used 23232K [0x00000000d6000000, 0x00000000def80000, 0x0000000100000000)
  eden space 108032K, 15% used [0x00000000d6000000,0x00000000d7035400,0x00000000dc980000)
  from space 6656K, 99% used [0x00000000de900000,0x00000000def7afe8,0x00000000def80000)
  to   space 8704K, 0% used [0x00000000dde80000,0x00000000dde80000,0x00000000de700000)
 ParOldGen       total 54272K, used 11673K [0x0000000082000000, 0x0000000085500000, 0x00000000d6000000)
  object space 54272K, 21% used [0x0000000082000000,0x0000000082b66788,0x0000000085500000)
 Metaspace       used 33375K, capacity 35352K, committed 35416K, reserved 1081344K
  class space    used 4224K, capacity 4590K, committed 4608K, reserved 1048576K
Event: 21.559 GC heap after
Heap after GC invocations=10 (full 1):
 PSYoungGen      total 138240K, used 5129K [0x00000000d6000000, 0x00000000e0980000, 0x0000000100000000)
  eden space 129536K, 0% used [0x00000000d6000000,0x00000000d6000000,0x00000000dde80000)
  from space 8704K, 58% used [0x00000000dde80000,0x00000000de382428,0x00000000de700000)
  to   space 10752K, 0% used [0x00000000dff00000,0x00000000dff00000,0x00000000e0980000)
 ParOldGen       total 54272K, used 13565K [0x0000000082000000, 0x0000000085500000, 0x00000000d6000000)
  object space 54272K, 24% used [0x0000000082000000,0x0000000082d3f7c8,0x0000000085500000)
 Metaspace       used 33375K, capacity 35352K, committed 35416K, reserved 1081344K
  class space    used 4224K, capacity 4590K, committed 4608K, reserved 1048576K
}
Event: 21.559 GC heap before
{Heap before GC invocations=11 (full 2):
 PSYoungGen      total 138240K, used 5129K [0x00000000d6000000, 0x00000000e0980000, 0x0000000100000000)
  eden space 129536K, 0% used [0x00000000d6000000,0x00000000d6000000,0x00000000dde80000)
  from space 8704K, 58% used [0x00000000dde80000,0x00000000de382428,0x00000000de700000)
  to   space 10752K, 0% used [0x00000000dff00000,0x00000000dff00000,0x00000000e0980000)
 ParOldGen       total 54272K, used 13565K [0x0000000082000000, 0x0000000085500000, 0x00000000d6000000)
  object space 54272K, 24% used [0x0000000082000000,0x0000000082d3f7c8,0x0000000085500000)
 Metaspace       used 33375K, capacity 35352K, committed 35416K, reserved 1081344K
  class space    used 4224K, capacity 4590K, committed 4608K, reserved 1048576K
Event: 21.834 GC heap after
Heap after GC invocations=11 (full 2):
 PSYoungGen      total 138240K, used 0K [0x00000000d6000000, 0x00000000e0980000, 0x0000000100000000)
  eden space 129536K, 0% used [0x00000000d6000000,0x00000000d6000000,0x00000000dde80000)
  from space 8704K, 0% used [0x00000000dde80000,0x00000000dde80000,0x00000000de700000)
  to   space 10752K, 0% used [0x00000000dff00000,0x00000000dff00000,0x00000000e0980000)
 ParOldGen       total 82432K, used 11670K [0x0000000082000000, 0x0000000087080000, 0x00000000d6000000)
  object space 82432K, 14% used [0x0000000082000000,0x0000000082b65bf8,0x0000000087080000)
 Metaspace       used 33375K, capacity 35352K, committed 35416K, reserved 1081344K
  class space    used 4224K, capacity 4590K, committed 4608K, reserved 1048576K
}

