# JRE version: Java(TM) SE Runtime Environment (8.0_291-b10) (build 1.8.0_291-b10)
# Java VM: Java HotSpot(TM) 64-Bit Server VM (25.291-b10 mixed mode windows-amd64 compressed oops)
Heap:
 PSYoungGen      total 33792K, used 19294K [0x00000000d6000000, 0x00000000da700000, 0x0000000100000000)
  eden space 28672K, 55% used [0x00000000d6000000,0x00000000d6f96f88,0x00000000d7c00000)
  from space 5120K, 65% used [0x00000000d8500000,0x00000000d8840a58,0x00000000d8a00000)
  to   space 9216K, 0% used [0x00000000d7c00000,0x00000000d7c00000,0x00000000d8500000)
 ParOldGen       total 54272K, used 7228K [0x0000000082000000, 0x0000000085500000, 0x00000000d6000000)
  object space 54272K, 13% used [0x0000000082000000,0x000000008270f060,0x0000000085500000)
 Metaspace       used 23761K, capacity 25244K, committed 25392K, reserved 1075200K
  class space    used 3040K, capacity 3322K, committed 3376K, reserved 1048576K
GC Heap History (10 events):
Event: 5.110 GC heap before
{Heap before GC invocations=3 (full 0):
 PSYoungGen      total 37888K, used 37666K [0x00000000d6000000, 0x00000000d8a00000, 0x0000000100000000)
  eden space 32768K, 100% used [0x00000000d6000000,0x00000000d8000000,0x00000000d8000000)
  from space 5120K, 95% used [0x00000000d8500000,0x00000000d89c8968,0x00000000d8a00000)
  to   space 5120K, 0% used [0x00000000d8000000,0x00000000d8000000,0x00000000d8500000)
 ParOldGen       total 86016K, used 24K [0x0000000082000000, 0x0000000087400000, 0x00000000d6000000)
  object space 86016K, 0% used [0x0000000082000000,0x0000000082006000,0x0000000087400000)
 Metaspace       used 14248K, capacity 15348K, committed 15616K, reserved 1062912K
  class space    used 1809K, capacity 2020K, committed 2048K, reserved 1048576K
Event: 5.120 GC heap after
Heap after GC invocations=3 (full 0):
 PSYoungGen      total 37888K, used 5099K [0x00000000d6000000, 0x00000000d8a00000, 0x0000000100000000)
  eden space 32768K, 0% used [0x00000000d6000000,0x00000000d6000000,0x00000000d8000000)
  from space 5120K, 99% used [0x00000000d8000000,0x00000000d84face0,0x00000000d8500000)
  to   space 5120K, 0% used [0x00000000d8500000,0x00000000d8500000,0x00000000d8a00000)
 ParOldGen       total 86016K, used 436K [0x0000000082000000, 0x0000000087400000, 0x00000000d6000000)
  object space 86016K, 0% used [0x0000000082000000,0x000000008206d3c0,0x0000000087400000)
 Metaspace       used 14248K, capacity 15348K, committed 15616K, reserved 1062912K
  class space    used 1809K, capacity 2020K, committed 2048K, reserved 1048576K
}
Event: 6.074 GC heap before
{Heap before GC invocations=4 (full 0):
 PSYoungGen      total 37888K, used 37867K [0x00000000d6000000, 0x00000000d8a00000, 0x0000000100000000)
  eden space 32768K, 100% used [0x00000000d6000000,0x00000000d8000000,0x00000000d8000000)
  from space 5120K, 99% used [0x00000000d8000000,0x00000000d84face0,0x00000000d8500000)
  to   space 5120K, 0% used [0x00000000d8500000,0x00000000d8500000,0x00000000d8a00000)
 ParOldGen       total 86016K, used 436K [0x0000000082000000, 0x0000000087400000, 0x00000000d6000000)
  object space 86016K, 0% used [0x0000000082000000,0x000000008206d3c0,0x0000000087400000)
 Metaspace       used 17439K, capacity 18950K, committed 19072K, reserved 1064960K
  class space    used 2300K, capacity 2605K, committed 2688K, reserved 1048576K
Event: 6.086 GC heap after
Heap after GC invocations=4 (full 0):
 PSYoungGen      total 37888K, used 5117K [0x00000000d6000000, 0x00000000d8a00000, 0x0000000100000000)
  eden space 32768K, 0% used [0x00000000d6000000,0x00000000d6000000,0x00000000d8000000)
  from space 5120K, 99% used [0x00000000d8500000,0x00000000d89ff7c8,0x00000000d8a00000)
  to   space 5120K, 0% used [0x00000000d8000000,0x00000000d8000000,0x00000000d8500000)
 ParOldGen       total 86016K, used 2378K [0x0000000082000000, 0x0000000087400000, 0x00000000d6000000)
  object space 86016K, 2% used [0x0000000082000000,0x0000000082252ae0,0x0000000087400000)
 Metaspace       used 17439K, capacity 18950K, committed 19072K, reserved 1064960K
  class space    used 2300K, capacity 2605K, committed 2688K, reserved 1048576K
}
Event: 6.356 GC heap before
{Heap before GC invocations=5 (full 0):
 PSYoungGen      total 37888K, used 28509K [0x00000000d6000000, 0x00000000d8a00000, 0x0000000100000000)
  eden space 32768K, 71% used [0x00000000d6000000,0x00000000d76d7f48,0x00000000d8000000)
  from space 5120K, 99% used [0x00000000d8500000,0x00000000d89ff7c8,0x00000000d8a00000)
  to   space 5120K, 0% used [0x00000000d8000000,0x00000000d8000000,0x00000000d8500000)
 ParOldGen       total 86016K, used 2378K [0x0000000082000000, 0x0000000087400000, 0x00000000d6000000)
  object space 86016K, 2% used [0x0000000082000000,0x0000000082252ae0,0x0000000087400000)
 Metaspace       used 19752K, capacity 21202K, committed 21296K, reserved 1067008K
  class space    used 2538K, capacity 2841K, committed 2864K, reserved 1048576K
Event: 6.368 GC heap after
Heap after GC invocations=5 (full 0):
 PSYoungGen      total 37888K, used 5117K [0x00000000d6000000, 0x00000000d8a00000, 0x0000000100000000)
  eden space 32768K, 0% used [0x00000000d6000000,0x00000000d6000000,0x00000000d8000000)
  from space 5120K, 99% used [0x00000000d8000000,0x00000000d84ff4c8,0x00000000d8500000)
  to   space 5120K, 0% used [0x00000000d8500000,0x00000000d8500000,0x00000000d8a00000)
 ParOldGen       total 86016K, used 4567K [0x0000000082000000, 0x0000000087400000, 0x00000000d6000000)
  object space 86016K, 5% used [0x0000000082000000,0x0000000082475cb0,0x0000000087400000)
 Metaspace       used 19752K, capacity 21202K, committed 21296K, reserved 1067008K
  class space    used 2538K, capacity 2841K, committed 2864K, reserved 1048576K
}
Event: 6.368 GC heap before
{Heap before GC invocations=6 (full 1):
 PSYoungGen      total 37888K, used 5117K [0x00000000d6000000, 0x00000000d8a00000, 0x0000000100000000)
  eden space 32768K, 0% used [0x00000000d6000000,0x00000000d6000000,0x00000000d8000000)
  from space 5120K, 99% used [0x00000000d8000000,0x00000000d84ff4c8,0x00000000d8500000)
  to   space 5120K, 0% used [0x00000000d8500000,0x00000000d8500000,0x00000000d8a00000)
 ParOldGen       total 86016K, used 4567K [0x0000000082000000, 0x0000000087400000, 0x00000000d6000000)
  object space 86016K, 5% used [0x0000000082000000,0x0000000082475cb0,0x0000000087400000)
 Metaspace       used 19752K, capacity 21202K, committed 21296K, reserved 1067008K
  class space    used 2538K, capacity 2841K, committed 2864K, reserved 1048576K
Event: 6.420 GC heap after
Heap after GC invocations=6 (full 1):
 PSYoungGen      total 37888K, used 0K [0x00000000d6000000, 0x00000000d8a00000, 0x0000000100000000)
  eden space 32768K, 0% used [0x00000000d6000000,0x00000000d6000000,0x00000000d8000000)
  from space 5120K, 0% used [0x00000000d8000000,0x00000000d8000000,0x00000000d8500000)
  to   space 5120K, 0% used [0x00000000d8500000,0x00000000d8500000,0x00000000d8a00000)
 ParOldGen       total 54272K, used 7220K [0x0000000082000000, 0x0000000085500000, 0x00000000d6000000)
  object space 54272K, 13% used [0x0000000082000000,0x000000008270d060,0x0000000085500000)
 Metaspace       used 19752K, capacity 21202K, committed 21296K, reserved 1067008K
  class space    used 2538K, capacity 2841K, committed 2864K, reserved 1048576K
}
Event: 6.782 GC heap before
{Heap before GC invocations=7 (full 1):
 PSYoungGen      total 37888K, used 32768K [0x00000000d6000000, 0x00000000d8a00000, 0x0000000100000000)
  eden space 32768K, 100% used [0x00000000d6000000,0x00000000d8000000,0x00000000d8000000)
  from space 5120K, 0% used [0x00000000d8000000,0x00000000d8000000,0x00000000d8500000)
  to   space 5120K, 0% used [0x00000000d8500000,0x00000000d8500000,0x00000000d8a00000)
 ParOldGen       total 54272K, used 7220K [0x0000000082000000, 0x0000000085500000, 0x00000000d6000000)
  object space 54272K, 13% used [0x0000000082000000,0x000000008270d060,0x0000000085500000)
 Metaspace       used 22482K, capacity 23978K, committed 24240K, reserved 1071104K
  class space    used 2879K, capacity 3173K, committed 3248K, reserved 1048576K
Event: 6.788 GC heap after
Heap after GC invocations=7 (full 1):
 PSYoungGen      total 33792K, used 3330K [0x00000000d6000000, 0x00000000da700000, 0x0000000100000000)
  eden space 28672K, 0% used [0x00000000d6000000,0x00000000d6000000,0x00000000d7c00000)
  from space 5120K, 65% used [0x00000000d8500000,0x00000000d8840a58,0x00000000d8a00000)
  to   space 9216K, 0% used [0x00000000d7c00000,0x00000000d7c00000,0x00000000d8500000)
 ParOldGen       total 54272K, used 7228K [0x0000000082000000, 0x0000000085500000, 0x00000000d6000000)
  object space 54272K, 13% used [0x0000000082000000,0x000000008270f060,0x0000000085500000)
 Metaspace       used 22482K, capacity 23978K, committed 24240K, reserved 1071104K
  class space    used 2879K, capacity 3173K, committed 3248K, reserved 1048576K
}

